[debug] [2022-12-27T15:03:16.153Z] ----------------------------------------------------------------------
[debug] [2022-12-27T15:03:16.157Z] Command:       C:\Program Files\nodejs\node.exe C:\Users\Lenovo\AppData\Roaming\npm\node_modules\firebase-tools\lib\bin\firebase.js init
[debug] [2022-12-27T15:03:16.158Z] CLI Version:   11.19.0
[debug] [2022-12-27T15:03:16.159Z] Platform:      win32
[debug] [2022-12-27T15:03:16.159Z] Node Version:  v18.12.1
[debug] [2022-12-27T15:03:16.160Z] Time:          Tue Dec 27 2022 21:03:16 GMT+0600 (Bangladesh Standard Time)
[debug] [2022-12-27T15:03:16.160Z] ----------------------------------------------------------------------
[debug] 
[debug] [2022-12-27T15:03:16.167Z] >>> [apiv2][query] GET https://firebase-public.firebaseio.com/cli.json [none]
[debug] [2022-12-27T15:03:16.247Z] > command requires scopes: ["email","openid","https://www.googleapis.com/auth/cloudplatformprojects.readonly","https://www.googleapis.com/auth/firebase","https://www.googleapis.com/auth/cloud-platform"]
[debug] [2022-12-27T15:03:16.248Z] > authorizing via signed-in user (fahidhasanfuad20018@gmail.com)
[info] 
     ######## #### ########  ######## ########     ###     ######  ########
     ##        ##  ##     ## ##       ##     ##  ##   ##  ##       ##
     ######    ##  ########  ######   ########  #########  ######  ######
     ##        ##  ##    ##  ##       ##     ## ##     ##       ## ##
     ##       #### ##     ## ######## ########  ##     ##  ######  ########

You're about to initialize a Firebase project in this directory:

  C:\projects\react-projects\admin-side

Before we get started, keep in mind:

  * You are currently outside your home directory

[debug] [2022-12-27T15:03:17.087Z] <<< [apiv2][status] GET https://firebase-public.firebaseio.com/cli.json 200
[debug] [2022-12-27T15:03:17.088Z] <<< [apiv2][body] GET https://firebase-public.firebaseio.com/cli.json {"cloudBuildErrorAfter":1594252800000,"cloudBuildWarnAfter":1590019200000,"defaultNode10After":1594252800000,"minVersion":"3.0.5","node8DeploysDisabledAfter":1613390400000,"node8RuntimeDisabledAfter":1615809600000,"node8WarnAfter":1600128000000}
